2020-07-31 17:14:38,280 INFO notifyConnectTimeout:200

2020-07-31 17:14:38,285 INFO notifySocketTimeout:8000

2020-07-31 17:14:38,286 INFO isHealthCheck:true

2020-07-31 17:14:38,286 INFO maxHealthCheckFailCount:12

2020-07-31 17:14:38,286 INFO maxContent:10485760

2020-07-31 17:14:41,305 INFO Schema 'NACOS' already exists.

2020-07-31 17:14:41,448 INFO Table/View 'CONFIG_INFO' already exists in Schema 'NACOS'.

2020-07-31 17:14:41,676 INFO Table/View 'HIS_CONFIG_INFO' already exists in Schema 'NACOS'.

2020-07-31 17:14:41,762 INFO Table/View 'CONFIG_INFO_BETA' already exists in Schema 'NACOS'.

2020-07-31 17:14:41,852 INFO Table/View 'CONFIG_INFO_TAG' already exists in Schema 'NACOS'.

2020-07-31 17:14:41,920 INFO Table/View 'CONFIG_INFO_AGGR' already exists in Schema 'NACOS'.

2020-07-31 17:14:42,009 INFO Table/View 'APP_LIST' already exists in Schema 'NACOS'.

2020-07-31 17:14:42,089 INFO Table/View 'APP_CONFIGDATA_RELATION_SUBS' already exists in Schema 'NACOS'.

2020-07-31 17:14:42,158 INFO Table/View 'APP_CONFIGDATA_RELATION_PUBS' already exists in Schema 'NACOS'.

2020-07-31 17:14:42,247 INFO Table/View 'CONFIG_TAGS_RELATION' already exists in Schema 'NACOS'.

2020-07-31 17:14:42,348 INFO Table/View 'GROUP_CAPACITY' already exists in Schema 'NACOS'.

2020-07-31 17:14:42,452 INFO Table/View 'TENANT_CAPACITY' already exists in Schema 'NACOS'.

2020-07-31 17:14:42,540 INFO Table/View 'TENANT_INFO' already exists in Schema 'NACOS'.

2020-07-31 17:14:42,642 INFO Table/View 'USERS' already exists in Schema 'NACOS'.

2020-07-31 17:14:42,719 INFO Table/View 'ROLES' already exists in Schema 'NACOS'.

2020-07-31 17:14:42,817 INFO The statement was aborted because it would have caused a duplicate key value in a unique or primary key constraint or unique index identified by 'SQL200511204933610' defined on 'USERS'.

2020-07-31 17:14:44,445 INFO ServerListService address-server port:8848

2020-07-31 17:14:44,445 INFO ADDRESS_SERVER_URL:http://jmenv.tbsite.net:8080/nacos/serverlist

2020-07-31 17:14:44,449 WARN [serverlist] updated to [192.168.161.1]

2020-07-31 17:14:44,639 WARN DumpService start

2020-07-31 17:14:44,643 INFO start clear all config-info.

2020-07-31 17:14:44,674 WARN clear all config-info failed.

2020-07-31 17:14:44,674 WARN clear all config-info-tenant failed.

2020-07-31 17:14:45,042 INFO [all-dump] 27 / 27

2020-07-31 17:14:45,042 INFO start clear all config-info-beta.

2020-07-31 17:14:45,042 WARN clear all config-info-beta failed.

2020-07-31 17:14:45,043 WARN clear all config-info-beta-tenant failed.

2020-07-31 17:14:45,135 INFO start clear all config-info-tag.

2020-07-31 17:14:45,136 WARN clear all config-info-tag failed.

2020-07-31 17:14:45,136 WARN clear all config-info-tag-tenant failed.

