2020-07-31 17:15:15,632 INFO PERFORMANCE:|0|0|-1|-1

2020-07-31 17:20:15,638 INFO PERFORMANCE:|4|0|-1|-1

2020-07-31 17:25:15,638 INFO PERFORMANCE:|4|0|-1|-1

2020-07-31 17:30:15,607 INFO PERFORMANCE:|4|0|-1|-1

2020-07-31 17:35:15,608 INFO PERFORMANCE:|4|0|-1|-1

2020-07-31 17:40:15,609 INFO PERFORMANCE:|4|0|-1|-1

2020-07-31 17:45:15,611 INFO PERFORMANCE:|4|0|-1|-1

2020-07-31 17:50:15,613 INFO PERFORMANCE:|4|0|-1|-1

2020-07-31 17:55:15,614 INFO PERFORMANCE:|4|0|-1|-1

2020-07-31 18:00:15,616 INFO PERFORMANCE:|4|0|-1|-1

2020-07-31 18:05:15,617 INFO PERFORMANCE:|4|0|-1|-1

2020-07-31 18:10:15,620 INFO PERFORMANCE:|4|0|-1|-1

2020-07-31 18:15:15,621 INFO PERFORMANCE:|4|0|-1|-1

2020-07-31 18:20:15,623 INFO PERFORMANCE:|4|0|-1|-1

2020-07-31 18:25:15,623 INFO PERFORMANCE:|4|0|-1|-1

2020-07-31 18:30:15,624 INFO PERFORMANCE:|4|0|-1|-1

2020-07-31 18:35:15,625 INFO PERFORMANCE:|4|0|-1|-1

2020-07-31 18:40:15,627 INFO PERFORMANCE:|4|0|-1|-1

2020-07-31 18:45:15,629 INFO PERFORMANCE:|4|0|-1|-1

2020-07-31 18:50:15,629 INFO PERFORMANCE:|4|0|-1|-1

2020-07-31 18:55:15,631 INFO PERFORMANCE:|4|0|-1|-1

